<?xml version="1.0" encoding="UTF-8"?>
<testsuite xmlns:xsi="http://www.w3.org/2001/XMLSchema-instance" xsi:noNamespaceSchemaLocation="https://maven.apache.org/surefire/maven-surefire-plugin/xsd/surefire-test-report-3.0.xsd" version="3.0" name="com.jeiqi.repository.GameRepositoryTest" time="0.581" tests="3" errors="0" skipped="0" failures="0">
  <properties>
[...]
</properties>
  <testcase name="shouldFindByPlayerId" classname="com.jeiqi.repository.GameRepositoryTest" time="0.034">
    <system-out><![CDATA[2026-07-08T09:21:03.759+08:00  INFO 82536 --- [           main] t.c.s.AnnotationConfigContextLoaderUtils : Could not detect default configuration classes for test class [com.jeiqi.repository.GameRepositoryTest]: GameRepositoryTest does not declare any static, non-private, non-final, nested classes annotated with @Configuration.
2026-07-08T09:21:03.784+08:00  INFO 82536 --- [           main] .b.t.c.SpringBootTestContextBootstrapper : Found @SpringBootConfiguration com.jeiqi.JeiqiApplication for test class com.jeiqi.repository.GameRepositoryTest

  .   ____          _            __ _ _
 /\\ / ___'_ __ _ _(_)_ __  __ _ \ \ \ \
( ( )\___ | '_ | '_| | '_ \/ _` | \ \ \ \
 \\/  ___)| |_)| | | | | || (_| |  ) ) ) )
  '  |____| .__|_| |_|_| |_\__, | / / / /
 =========|_|==============|___/=/_/_/_/

 :: Spring Boot ::                (v3.3.5)

2026-07-08T09:21:03.812+08:00  INFO 82536 --- [           main] c.jeiqi.repository.GameRepositoryTest    : Starting GameRepositoryTest using Java 25.0.2 with PID 82536 (started by spdf in C:\Users\spdf\Desktop\jieqi-game\JAVA)
2026-07-08T09:21:03.812+08:00  INFO 82536 --- [           main] c.jeiqi.repository.GameRepositoryTest    : No active profile set, falling back to 1 default profile: "default"
2026-07-08T09:21:03.906+08:00  INFO 82536 --- [           main] .s.d.r.c.RepositoryConfigurationDelegate : Bootstrapping Spring Data JPA repositories in DEFAULT mode.
2026-07-08T09:21:03.921+08:00  INFO 82536 --- [           main] .s.d.r.c.RepositoryConfigurationDelegate : Finished Spring Data repository scanning in 14 ms. Found 3 JPA repository interfaces.
2026-07-08T09:21:03.931+08:00  INFO 82536 --- [           main] beddedDataSourceBeanFactoryPostProcessor : Replacing 'dataSource' DataSource bean with embedded version
2026-07-08T09:21:03.953+08:00  INFO 82536 --- [           main] o.s.j.d.e.EmbeddedDatabaseFactory        : Starting embedded database: url='jdbc:h2:mem:6af2bff5-32da-48a0-988f-77afe6bf6431;DB_CLOSE_DELAY=-1;DB_CLOSE_ON_EXIT=false', username='sa'
2026-07-08T09:21:04.074+08:00  INFO 82536 --- [           main] o.hibernate.jpa.internal.util.LogHelper  : HHH000204: Processing PersistenceUnitInfo [name: default]
2026-07-08T09:21:04.078+08:00  INFO 82536 --- [           main] o.h.c.internal.RegionFactoryInitiator    : HHH000026: Second-level cache disabled
2026-07-08T09:21:04.088+08:00  INFO 82536 --- [           main] o.s.o.j.p.SpringPersistenceUnitInfo      : No LoadTimeWeaver setup: ignoring JPA class transformer
2026-07-08T09:21:04.187+08:00  INFO 82536 --- [           main] o.h.e.t.j.p.i.JtaPlatformInitiator       : HHH000489: No JTA platform available (set 'hibernate.transaction.jta.platform' to enable JTA platform integration)
Hibernate: 
    create table games (
        id varchar(255) not null,
        black_player_id varchar(255),
        black_player_name varchar(255),
        game_end_time bigint not null,
        game_start_time bigint not null,
        red_player_id varchar(255),
        red_player_name varchar(255),
        result_reason varchar(255),
        status enum ('FINISHED','PLAYING','WAITING'),
        winner enum ('BLACK','RED'),
        game_id varchar(255),
        primary key (id)
    )
Hibernate: 
    create table notation_moves (
        game_id varchar(255) not null,
        destination varchar(255),
        move_number integer,
        reveal_move boolean,
        server_receive_time bigint,
        side enum ('BLACK','RED'),
        source varchar(255),
        turn_start_time bigint,
        type integer,
        move_order integer not null,
        primary key (game_id, move_order)
    )
Hibernate: 
    create table notations (
        game_id varchar(255) not null,
        black_player_name varchar(255),
        game_date date,
        reason varchar(255),
        red_player_name varchar(255),
        result varchar(255),
        primary key (game_id)
    )
Hibernate: 
    create table users (
        id varchar(255) not null,
        draws integer not null,
        losses integer not null,
        password_hash varchar(255) not null,
        total_games integer not null,
        username varchar(255) not null,
        wins integer not null,
        primary key (id)
    )
Hibernate: 
    alter table if exists games 
       drop constraint if exists UKkm6osxpturj282m14nrrnq60o
Hibernate: 
    alter table if exists games 
       add constraint UKkm6osxpturj282m14nrrnq60o unique (game_id)
Hibernate: 
    alter table if exists users 
       drop constraint if exists UKr43af9ap4edm43mmtq01oddj6
Hibernate: 
    alter table if exists users 
       add constraint UKr43af9ap4edm43mmtq01oddj6 unique (username)
Hibernate: 
    alter table if exists games 
       add constraint FKjcb9oy0cp235mww9lp86dh151 
       foreign key (game_id) 
       references notations
Hibernate: 
    alter table if exists notation_moves 
       add constraint FKp0j3lr5yslp1bc9xut10os6de 
       foreign key (game_id) 
       references notations
2026-07-08T09:21:04.227+08:00  INFO 82536 --- [           main] j.LocalContainerEntityManagerFactoryBean : Initialized JPA EntityManagerFactory for persistence unit 'default'
2026-07-08T09:21:04.281+08:00  INFO 82536 --- [           main] c.jeiqi.repository.GameRepositoryTest    : Started GameRepositoryTest in 0.494 seconds (process running for 5.624)
Hibernate: 
    select
        g1_0.id,
        g1_0.black_player_id,
        g1_0.black_player_name,
        g1_0.game_end_time,
        g1_0.game_start_time,
        n1_0.game_id,
        n1_0.black_player_name,
        n1_0.game_date,
        n1_0.reason,
        n1_0.red_player_name,
        n1_0.result,
        g1_0.red_player_id,
        g1_0.red_player_name,
        g1_0.result_reason,
        g1_0.status,
        g1_0.winner 
    from
        games g1_0 
    left join
        notations n1_0 
            on n1_0.game_id=g1_0.game_id 
    where
        g1_0.id=?
Hibernate: 
    select
        g1_0.id,
        g1_0.black_player_id,
        g1_0.black_player_name,
        g1_0.game_end_time,
        g1_0.game_start_time,
        n1_0.game_id,
        n1_0.black_player_name,
        n1_0.game_date,
        n1_0.reason,
        n1_0.red_player_name,
        n1_0.result,
        g1_0.red_player_id,
        g1_0.red_player_name,
        g1_0.result_reason,
        g1_0.status,
        g1_0.winner 
    from
        games g1_0 
    left join
        notations n1_0 
            on n1_0.game_id=g1_0.game_id 
    where
        g1_0.id=?
Hibernate: 
    select
        g1_0.id,
        g1_0.black_player_id,
        g1_0.black_player_name,
        g1_0.game_end_time,
        g1_0.game_start_time,
        n1_0.game_id,
        n1_0.black_player_name,
        n1_0.game_date,
        n1_0.reason,
        n1_0.red_player_name,
        n1_0.result,
        g1_0.red_player_id,
        g1_0.red_player_name,
        g1_0.result_reason,
        g1_0.status,
        g1_0.winner 
    from
        games g1_0 
    left join
        notations n1_0 
            on n1_0.game_id=g1_0.game_id 
    where
        g1_0.id=?
Hibernate: 
    insert 
    into
        games
        (black_player_id, black_player_name, game_end_time, game_start_time, game_id, red_player_id, red_player_name, result_reason, status, winner, id) 
    values
        (?, ?, ?, ?, ?, ?, ?, ?, ?, ?, ?)
Hibernate: 
    insert 
    into
        games
        (black_player_id, black_player_name, game_end_time, game_start_time, game_id, red_player_id, red_player_name, result_reason, status, winner, id) 
    values
        (?, ?, ?, ?, ?, ?, ?, ?, ?, ?, ?)
Hibernate: 
    insert 
    into
        games
        (black_player_id, black_player_name, game_end_time, game_start_time, game_id, red_player_id, red_player_name, result_reason, status, winner, id) 
    values
        (?, ?, ?, ?, ?, ?, ?, ?, ?, ?, ?)
Hibernate: 
    select
        g1_0.id,
        g1_0.black_player_id,
        g1_0.black_player_name,
        g1_0.game_end_time,
        g1_0.game_start_time,
        g1_0.game_id,
        g1_0.red_player_id,
        g1_0.red_player_name,
        g1_0.result_reason,
        g1_0.status,
        g1_0.winner 
    from
        games g1_0 
    where
        g1_0.red_player_id=? 
        or g1_0.black_player_id=?
]]></system-out>
  </testcase>
  <testcase name="shouldFindByStatus" classname="com.jeiqi.repository.GameRepositoryTest" time="0.012">
    <system-out><![CDATA[Hibernate: 
    select
        g1_0.id,
        g1_0.black_player_id,
        g1_0.black_player_name,
        g1_0.game_end_time,
        g1_0.game_start_time,
        n1_0.game_id,
        n1_0.black_player_name,
        n1_0.game_date,
        n1_0.reason,
        n1_0.red_player_name,
        n1_0.result,
        g1_0.red_player_id,
        g1_0.red_player_name,
        g1_0.result_reason,
        g1_0.status,
        g1_0.winner 
    from
        games g1_0 
    left join
        notations n1_0 
            on n1_0.game_id=g1_0.game_id 
    where
        g1_0.id=?
Hibernate: 
    select
        g1_0.id,
        g1_0.black_player_id,
        g1_0.black_player_name,
        g1_0.game_end_time,
        g1_0.game_start_time,
        n1_0.game_id,
        n1_0.black_player_name,
        n1_0.game_date,
        n1_0.reason,
        n1_0.red_player_name,
        n1_0.result,
        g1_0.red_player_id,
        g1_0.red_player_name,
        g1_0.result_reason,
        g1_0.status,
        g1_0.winner 
    from
        games g1_0 
    left join
        notations n1_0 
            on n1_0.game_id=g1_0.game_id 
    where
        g1_0.id=?
Hibernate: 
    select
        g1_0.id,
        g1_0.black_player_id,
        g1_0.black_player_name,
        g1_0.game_end_time,
        g1_0.game_start_time,
        n1_0.game_id,
        n1_0.black_player_name,
        n1_0.game_date,
        n1_0.reason,
        n1_0.red_player_name,
        n1_0.result,
        g1_0.red_player_id,
        g1_0.red_player_name,
        g1_0.result_reason,
        g1_0.status,
        g1_0.winner 
    from
        games g1_0 
    left join
        notations n1_0 
            on n1_0.game_id=g1_0.game_id 
    where
        g1_0.id=?
Hibernate: 
    insert 
    into
        games
        (black_player_id, black_player_name, game_end_time, game_start_time, game_id, red_player_id, red_player_name, result_reason, status, winner, id) 
    values
        (?, ?, ?, ?, ?, ?, ?, ?, ?, ?, ?)
Hibernate: 
    insert 
    into
        games
        (black_player_id, black_player_name, game_end_time, game_start_time, game_id, red_player_id, red_player_name, result_reason, status, winner, id) 
    values
        (?, ?, ?, ?, ?, ?, ?, ?, ?, ?, ?)
Hibernate: 
    insert 
    into
        games
        (black_player_id, black_player_name, game_end_time, game_start_time, game_id, red_player_id, red_player_name, result_reason, status, winner, id) 
    values
        (?, ?, ?, ?, ?, ?, ?, ?, ?, ?, ?)
Hibernate: 
    select
        g1_0.id,
        g1_0.black_player_id,
        g1_0.black_player_name,
        g1_0.game_end_time,
        g1_0.game_start_time,
        g1_0.game_id,
        g1_0.red_player_id,
        g1_0.red_player_name,
        g1_0.result_reason,
        g1_0.status,
        g1_0.winner 
    from
        games g1_0 
    where
        g1_0.status=?
Hibernate: 
    select
        g1_0.id,
        g1_0.black_player_id,
        g1_0.black_player_name,
        g1_0.game_end_time,
        g1_0.game_start_time,
        g1_0.game_id,
        g1_0.red_player_id,
        g1_0.red_player_name,
        g1_0.result_reason,
        g1_0.status,
        g1_0.winner 
    from
        games g1_0 
    where
        g1_0.status=?
]]></system-out>
  </testcase>
  <testcase name="shouldSaveAndFindGame" classname="com.jeiqi.repository.GameRepositoryTest" time="0.008">
    <system-out><![CDATA[Hibernate: 
    select
        g1_0.id,
        g1_0.black_player_id,
        g1_0.black_player_name,
        g1_0.game_end_time,
        g1_0.game_start_time,
        n1_0.game_id,
        n1_0.black_player_name,
        n1_0.game_date,
        n1_0.reason,
        n1_0.red_player_name,
        n1_0.result,
        g1_0.red_player_id,
        g1_0.red_player_name,
        g1_0.result_reason,
        g1_0.status,
        g1_0.winner 
    from
        games g1_0 
    left join
        notations n1_0 
            on n1_0.game_id=g1_0.game_id 
    where
        g1_0.id=?
]]></system-out>
  </testcase>
</testsuite>